<?xml version="1.0" encoding="UTF-8" ?>
<testsuite errors="0" failures="0" hostname="Feverrr" name="RationalTest" skipped="0" tests="7" time="0.049" timestamp="2567-09-10T04:30:30">
  <properties>
    <property name="ant.project.invoked-targets" value="test" />
    <property name="java.runtime.name" value="OpenJDK Runtime Environment" />
    <property name="sun.boot.library.path" value="C:\Users\User\.jdks\corretto-1.8.0_422\jre\bin" />
    <property name="java.vm.version" value="25.422-b05" />
    <property name="ant.library.dir" value="C:\Users\User\AppData\Roaming\JetBrains\IntelliJIdea2024.1\plugins\ant\dist\lib" />
    <property name="user.country.format" value="TH" />
    <property name="ant.version" value="Apache Ant(TM) version 1.10.14 compiled on August 16 2023" />
    <property name="ant.java.version" value="1.8" />
    <property name="java.vm.vendor" value="Amazon.com Inc." />
    <property name="java.vendor.url" value="https://aws.amazon.com/corretto/" />
    <property name="path.separator" value=";" />
    <property name="java.vm.name" value="OpenJDK 64-Bit Server VM" />
    <property name="file.encoding.pkg" value="sun.io" />
    <property name="user.script" value="" />
    <property name="user.country" value="US" />
    <property name="sun.java.launcher" value="SUN_STANDARD" />
    <property name="sun.os.patch.level" value="" />
    <property name="java.vm.specification.name" value="Java Virtual Machine Specification" />
    <property name="user.dir" value="C:\Users\User\Desktop\Y4\QA&amp;Testing\Rational" />
    <property name="java.runtime.version" value="1.8.0_422-b05" />
    <property name="java.awt.graphicsenv" value="sun.awt.Win32GraphicsEnvironment" />
    <property name="basedir" value="C:\Users\User\Desktop\Y4\QA&amp;Testing\Rational" />
    <property name="java.endorsed.dirs" value="C:\Users\User\.jdks\corretto-1.8.0_422\jre\lib\endorsed" />
    <property name="os.arch" value="amd64" />
    <property name="java.io.tmpdir" value="C:\Users\User\AppData\Local\Temp\" />
    <property name="ant.core.lib" value="C:\Users\User\AppData\Roaming\JetBrains\IntelliJIdea2024.1\plugins\ant\dist\ant.jar" />
    <property name="line.separator" value="&#xd;&#xa;" />
    <property name="java.vm.specification.vendor" value="Oracle Corporation" />
    <property name="user.variant" value="" />
    <property name="os.name" value="Windows 11" />
    <property name="ant.home" value="C:\Users\User\AppData\Roaming\JetBrains\IntelliJIdea2024.1\plugins\ant\dist" />
    <property name="sun.jnu.encoding" value="MS874" />
    <property name="java.library.path" value="C:\Users\User\.jdks\corretto-1.8.0_422\bin;C:\Windows\Sun\Java\bin;C:\Windows\system32;C:\Windows;C:\Python312\Scripts\;C:\Python312\;C:\Program Files\Common Files\Oracle\Java\javapath;C:\Windows\system32;C:\Windows;C:\Windows\System32\Wbem;C:\Windows\System32\WindowsPowerShell\v1.0\;C:\Windows\System32\OpenSSH\;C:\Program Files (x86)\AOMEI Backupper;C:\Program Files\Git\cmd;C:\Program Files\Java\jdk-17\bin;C:\ProgramData\chocolatey\bin;C:\Users\User\AppData\Roaming\nvm;C:\Program Files\nodejs;C:\Program Files\Docker\Docker\resources\bin;C:\Users\User\AppData\Local\Microsoft\WindowsApps;C:\flutter\bin;C:\Users\User\AppData\Local\Android\Sdk;C:\Users\User\AppData\Local\Android\Sdk\platform-tools;C:\Users\User\AppData\Local\Programs\Microsoft VS Code\bin;C:\Users\User\AppData\Local\Android\Sdk\tools;C:\Users\User\AppData\Local\Android\Sdk\tools\bin;C:\Program Files\Java\jdk-21\bin;C:\Users\User\AppData\Roaming\npm;C:\Users\User\AppData\Roaming\nvm;C:\Program Files\nodejs;C:\Users\User\AppData\Local\Pub\Cache\bin;C:\Users\User\AppData\Local\GitHubDesktop\bin;C:\Program Files\JetBrains\IntelliJ IDEA Community Edition 2023.1.6\bin;;C:\Program Files\JetBrains\IntelliJ IDEA 2024.1\bin;;." />
    <property name="java.specification.name" value="Java Platform API Specification" />
    <property name="java.class.version" value="52.0" />
    <property name="sun.management.compiler" value="HotSpot 64-Bit Tiered Compilers" />
    <property name="os.version" value="10.0" />
    <property name="ant.file" value="C:\Users\User\Desktop\Y4\QA&amp;Testing\Rational\build.xml" />
    <property name="user.home" value="C:\Users\User" />
    <property name="user.timezone" value="" />
    <property name="java.awt.printerjob" value="sun.awt.windows.WPrinterJob" />
    <property name="file.encoding" value="UTF-8" />
    <property name="java.specification.version" value="1.8" />
    <property name="java.class.path" value="C:\Users\User\AppData\Roaming\JetBrains\IntelliJIdea2024.1\plugins\ant\dist\ant.jar;C:\Users\User\.jdks\corretto-1.8.0_422\lib\tools.jar;C:\Program Files\JetBrains\IntelliJ IDEA 2024.1\lib\idea_rt.jar" />
    <property name="user.name" value="User" />
    <property name="java.vm.specification.version" value="1.8" />
    <property name="sun.arch.data.model" value="64" />
    <property name="sun.java.command" value="com.intellij.rt.ant.execution.AntMain2 -logger com.intellij.rt.ant.execution.IdeaAntLogger2 -inputhandler com.intellij.rt.ant.execution.IdeaInputHandler -buildfile C:\Users\User\Desktop\Y4\QA&amp;Testing\Rational\build.xml test" />
    <property name="java.home" value="C:\Users\User\.jdks\corretto-1.8.0_422\jre" />
    <property name="java.specification.vendor" value="Oracle Corporation" />
    <property name="user.language" value="en" />
    <property name="user.language.format" value="th" />
    <property name="awt.toolkit" value="sun.awt.windows.WToolkit" />
    <property name="java.vm.info" value="mixed mode" />
    <property name="java.version" value="1.8.0_422" />
    <property name="java.ext.dirs" value="C:\Users\User\.jdks\corretto-1.8.0_422\jre\lib\ext;C:\Windows\Sun\Java\lib\ext" />
    <property name="sun.boot.class.path" value="C:\Users\User\.jdks\corretto-1.8.0_422\jre\lib\resources.jar;C:\Users\User\.jdks\corretto-1.8.0_422\jre\lib\rt.jar;C:\Users\User\.jdks\corretto-1.8.0_422\jre\lib\sunrsasign.jar;C:\Users\User\.jdks\corretto-1.8.0_422\jre\lib\jsse.jar;C:\Users\User\.jdks\corretto-1.8.0_422\jre\lib\jce.jar;C:\Users\User\.jdks\corretto-1.8.0_422\jre\lib\charsets.jar;C:\Users\User\.jdks\corretto-1.8.0_422\jre\lib\jfr.jar;C:\Users\User\.jdks\corretto-1.8.0_422\jre\classes" />
    <property name="java.vendor" value="Amazon.com Inc." />
    <property name="java.specification.maintenance.version" value="5" />
    <property name="file.separator" value="\" />
    <property name="java.vendor.url.bug" value="https://github.com/corretto/corretto-8/issues/" />
    <property name="sun.cpu.endian" value="little" />
    <property name="sun.io.unicode.encoding" value="UnicodeLittle" />
    <property name="ant.file.type" value="file" />
    <property name="sun.desktop" value="windows" />
    <property name="sun.cpu.isalist" value="amd64" />
  </properties>
  <testcase classname="RationalTest" name="testAdd" time="0.009" />
  <testcase classname="RationalTest" name="testSubtract" time="0.0" />
  <testcase classname="RationalTest" name="testToString" time="0.001" />
  <testcase classname="RationalTest" name="testCompareTo" time="0.0" />
  <testcase classname="RationalTest" name="testDivide" time="0.001" />
  <testcase classname="RationalTest" name="testEquals" time="0.0" />
  <testcase classname="RationalTest" name="testMultiply" time="0.0" />
  <system-out><![CDATA[Initializing the two Rational numbers.
Clear up the two Rational numbers.
Initializing the two Rational numbers.
Clear up the two Rational numbers.
Initializing the two Rational numbers.
Clear up the two Rational numbers.
Initializing the two Rational numbers.
Clear up the two Rational numbers.
Initializing the two Rational numbers.
Clear up the two Rational numbers.
Initializing the two Rational numbers.
Clear up the two Rational numbers.
Initializing the two Rational numbers.
Clear up the two Rational numbers.
]]></system-out>
  <system-err><![CDATA[]]></system-err>
</testsuite>
