<?xml version="1.0" encoding="UTF-8"?>
<testsuite xmlns:xsi="http://www.w3.org/2001/XMLSchema-instance" xsi:noNamespaceSchemaLocation="https://maven.apache.org/surefire/maven-surefire-plugin/xsd/surefire-test-report-3.0.xsd" version="3.0" name="RationalTest" time="0.098" tests="7" errors="0" skipped="0" failures="0">
  <properties>
    <property name="sun.desktop" value="windows"/>
    <property name="awt.toolkit" value="sun.awt.windows.WToolkit"/>
    <property name="file.encoding.pkg" value="sun.io"/>
    <property name="java.specification.version" value="1.8"/>
    <property name="sun.cpu.isalist" value="amd64"/>
    <property name="sun.jnu.encoding" value="MS874"/>
    <property name="java.class.path" value="C:\Users\User\Desktop\Y4\QA&amp;Testing\Rational\target\test-classes;C:\Users\User\Desktop\Y4\QA&amp;Testing\Rational\target\classes;C:\Users\User\.m2\repository\junit\junit\4.13\junit-4.13.jar;C:\Users\User\.m2\repository\org\hamcrest\hamcrest-core\1.3\hamcrest-core-1.3.jar;"/>
    <property name="java.vm.vendor" value="Amazon.com Inc."/>
    <property name="sun.arch.data.model" value="64"/>
    <property name="user.variant" value=""/>
    <property name="java.vendor.url" value="https://aws.amazon.com/corretto/"/>
    <property name="user.timezone" value="Asia/Bangkok"/>
    <property name="user.country.format" value="TH"/>
    <property name="java.vm.specification.version" value="1.8"/>
    <property name="os.name" value="Windows 11"/>
    <property name="user.country" value="US"/>
    <property name="sun.java.launcher" value="SUN_STANDARD"/>
    <property name="sun.boot.library.path" value="C:\Users\User\.jdks\corretto-1.8.0_422\jre\bin"/>
    <property name="sun.java.command" value="C:\Users\User\AppData\Local\Temp\surefire3995963071753856334\surefirebooter-20240910113714851_3.jar C:\Users\User\AppData\Local\Temp\surefire3995963071753856334 2567-09-10T11-37-12_639-jvmRun1 surefire-20240910113714851_1tmp surefire_0-20240910113714851_2tmp"/>
    <property name="surefire.test.class.path" value="C:\Users\User\Desktop\Y4\QA&amp;Testing\Rational\target\test-classes;C:\Users\User\Desktop\Y4\QA&amp;Testing\Rational\target\classes;C:\Users\User\.m2\repository\junit\junit\4.13\junit-4.13.jar;C:\Users\User\.m2\repository\org\hamcrest\hamcrest-core\1.3\hamcrest-core-1.3.jar;"/>
    <property name="sun.cpu.endian" value="little"/>
    <property name="user.home" value="C:\Users\User"/>
    <property name="user.language" value="en"/>
    <property name="java.specification.vendor" value="Oracle Corporation"/>
    <property name="java.home" value="C:\Users\User\.jdks\corretto-1.8.0_422\jre"/>
    <property name="basedir" value="C:\Users\User\Desktop\Y4\QA&amp;Testing\Rational"/>
    <property name="file.separator" value="\"/>
    <property name="line.separator" value="&#10;"/>
    <property name="java.vm.specification.vendor" value="Oracle Corporation"/>
    <property name="java.specification.name" value="Java Platform API Specification"/>
    <property name="java.awt.graphicsenv" value="sun.awt.Win32GraphicsEnvironment"/>
    <property name="surefire.real.class.path" value="C:\Users\User\AppData\Local\Temp\surefire3995963071753856334\surefirebooter-20240910113714851_3.jar"/>
    <property name="sun.boot.class.path" value="C:\Users\User\.jdks\corretto-1.8.0_422\jre\lib\resources.jar;C:\Users\User\.jdks\corretto-1.8.0_422\jre\lib\rt.jar;C:\Users\User\.jdks\corretto-1.8.0_422\jre\lib\sunrsasign.jar;C:\Users\User\.jdks\corretto-1.8.0_422\jre\lib\jsse.jar;C:\Users\User\.jdks\corretto-1.8.0_422\jre\lib\jce.jar;C:\Users\User\.jdks\corretto-1.8.0_422\jre\lib\charsets.jar;C:\Users\User\.jdks\corretto-1.8.0_422\jre\lib\jfr.jar;C:\Users\User\.jdks\corretto-1.8.0_422\jre\classes"/>
    <property name="user.script" value=""/>
    <property name="sun.management.compiler" value="HotSpot 64-Bit Tiered Compilers"/>
    <property name="java.runtime.version" value="1.8.0_422-b05"/>
    <property name="user.name" value="User"/>
    <property name="path.separator" value=";"/>
    <property name="os.version" value="10.0"/>
    <property name="java.endorsed.dirs" value="C:\Users\User\.jdks\corretto-1.8.0_422\jre\lib\endorsed"/>
    <property name="java.runtime.name" value="OpenJDK Runtime Environment"/>
    <property name="file.encoding" value="MS874"/>
    <property name="java.vm.name" value="OpenJDK 64-Bit Server VM"/>
    <property name="localRepository" value="C:\Users\User\.m2\repository"/>
    <property name="java.vendor.url.bug" value="https://github.com/corretto/corretto-8/issues/"/>
    <property name="java.io.tmpdir" value="C:\Users\User\AppData\Local\Temp\"/>
    <property name="idea.version" value="2024.1"/>
    <property name="java.version" value="1.8.0_422"/>
    <property name="user.dir" value="C:\Users\User\Desktop\Y4\QA&amp;Testing\Rational"/>
    <property name="os.arch" value="amd64"/>
    <property name="java.vm.specification.name" value="Java Virtual Machine Specification"/>
    <property name="java.awt.printerjob" value="sun.awt.windows.WPrinterJob"/>
    <property name="user.language.format" value="th"/>
    <property name="sun.os.patch.level" value=""/>
    <property name="java.library.path" value="C:\Users\User\.jdks\corretto-1.8.0_422\jre\bin;C:\Windows\Sun\Java\bin;C:\Windows\system32;C:\Windows;C:\Python312\Scripts\;C:\Python312\;C:\Program Files\Common Files\Oracle\Java\javapath;C:\Windows\system32;C:\Windows;C:\Windows\System32\Wbem;C:\Windows\System32\WindowsPowerShell\v1.0\;C:\Windows\System32\OpenSSH\;C:\Program Files (x86)\AOMEI Backupper;C:\Program Files\Git\cmd;C:\Program Files\Java\jdk-17\bin;C:\ProgramData\chocolatey\bin;C:\Users\User\AppData\Roaming\nvm;C:\Program Files\nodejs;C:\Program Files\Docker\Docker\resources\bin;C:\Users\User\AppData\Local\Microsoft\WindowsApps;C:\flutter\bin;C:\Users\User\AppData\Local\Android\Sdk;C:\Users\User\AppData\Local\Android\Sdk\platform-tools;C:\Users\User\AppData\Local\Programs\Microsoft VS Code\bin;C:\Users\User\AppData\Local\Android\Sdk\tools;C:\Users\User\AppData\Local\Android\Sdk\tools\bin;C:\Program Files\Java\jdk-21\bin;C:\Users\User\AppData\Roaming\npm;C:\Users\User\AppData\Roaming\nvm;C:\Program Files\nodejs;C:\Users\User\AppData\Local\Pub\Cache\bin;C:\Users\User\AppData\Local\GitHubDesktop\bin;C:\Program Files\JetBrains\IntelliJ IDEA Community Edition 2023.1.6\bin;;C:\Program Files\JetBrains\IntelliJ IDEA 2024.1\bin;;."/>
    <property name="java.vm.info" value="mixed mode"/>
    <property name="java.vendor" value="Amazon.com Inc."/>
    <property name="java.vm.version" value="25.422-b05"/>
    <property name="java.specification.maintenance.version" value="5"/>
    <property name="java.ext.dirs" value="C:\Users\User\.jdks\corretto-1.8.0_422\jre\lib\ext;C:\Windows\Sun\Java\lib\ext"/>
    <property name="sun.io.unicode.encoding" value="UnicodeLittle"/>
    <property name="java.class.version" value="52.0"/>
  </properties>
  <testcase name="testAdd" classname="RationalTest" time="0.021">
    <system-out><![CDATA[Initializing the two Rational numbers.
Clear up the two Rational numbers.
]]></system-out>
  </testcase>
  <testcase name="testSubtract" classname="RationalTest" time="0.0">
    <system-out><![CDATA[Initializing the two Rational numbers.
Clear up the two Rational numbers.
]]></system-out>
  </testcase>
  <testcase name="testToString" classname="RationalTest" time="0.035">
    <system-out><![CDATA[Initializing the two Rational numbers.
Clear up the two Rational numbers.
]]></system-out>
  </testcase>
  <testcase name="testCompareTo" classname="RationalTest" time="0.0">
    <system-out><![CDATA[Initializing the two Rational numbers.
Clear up the two Rational numbers.
]]></system-out>
  </testcase>
  <testcase name="testDivide" classname="RationalTest" time="0.001">
    <system-out><![CDATA[Initializing the two Rational numbers.
Clear up the two Rational numbers.
]]></system-out>
  </testcase>
  <testcase name="testEquals" classname="RationalTest" time="0.0">
    <system-out><![CDATA[Initializing the two Rational numbers.
Clear up the two Rational numbers.
]]></system-out>
  </testcase>
  <testcase name="testMultiply" classname="RationalTest" time="0.0">
    <system-out><![CDATA[Initializing the two Rational numbers.
Clear up the two Rational numbers.
]]></system-out>
  </testcase>
</testsuite>